2015-04-03 01:21:03,470 [7] INFO  PlayingWithCRUD.Controllers.PersonController [(null)] - Get Persons
2015-04-03 01:21:06,301 [10] INFO  PlayingWithCRUD.Controllers.PersonController [(null)] - Get Persons' age and name
2015-04-03 01:21:09,392 [10] INFO  PlayingWithCRUD.Controllers.PersonController [(null)] - put
2015-04-03 01:21:29,842 [8] INFO  PlayingWithCRUD.Controllers.PersonController [(null)] - Get Persons
2015-04-03 01:21:32,202 [8] INFO  PlayingWithCRUD.Controllers.PersonController [(null)] - Get Persons
2015-04-03 01:21:33,475 [6] INFO  PlayingWithCRUD.Controllers.PersonController [(null)] - Get Persons' age and name
2015-04-03 01:26:47,317 [9] INFO  PlayingWithCRUD.Controllers.PersonController [(null)] - Get Persons
2015-04-03 01:26:49,860 [7] INFO  PlayingWithCRUD.Controllers.PersonController [(null)] - Get Persons' age and name
2015-04-03 01:26:53,010 [9] INFO  PlayingWithCRUD.Controllers.PersonController [(null)] - put
2015-04-03 02:31:00,370 [7] INFO  PlayingWithCRUD.Controllers.PersonController [(null)] - Get Persons
2015-04-03 11:50:28,067 [11] INFO  PlayingWithCRUD.Controllers.PersonController [(null)] - Get Persons
2015-04-03 11:52:12,494 [7] INFO  PlayingWithCRUD.Controllers.PersonController [(null)] - Get Persons
2015-04-03 11:57:18,043 [8] INFO  PlayingWithCRUD.Controllers.PersonController [(null)] - Get Persons
2015-04-03 12:35:39,048 [6] INFO  PlayingWithCRUD.Controllers.PersonController [(null)] - Get Persons
2015-04-03 12:35:50,147 [7] INFO  PlayingWithCRUD.Controllers.PersonController [(null)] - Get Persons
2015-04-03 12:35:54,011 [7] INFO  PlayingWithCRUD.Controllers.PersonController [(null)] - Get Persons' age and name
2015-04-03 12:35:55,798 [8] INFO  PlayingWithCRUD.Controllers.PersonController [(null)] - Add
2015-04-03 12:38:06,158 [8] INFO  PlayingWithCRUD.Controllers.PersonController [(null)] - Get Persons
2015-04-03 12:39:58,429 [6] INFO  PlayingWithCRUD.Controllers.PersonController [(null)] - Get Persons
2015-04-03 12:41:51,370 [10] INFO  PlayingWithCRUD.Controllers.PersonController [(null)] - Get Persons
2015-04-03 12:43:28,685 [7] INFO  PlayingWithCRUD.Controllers.PersonController [(null)] - Get Persons
2015-04-03 12:45:08,441 [9] INFO  PlayingWithCRUD.Controllers.PersonController [(null)] - Get Persons
2015-04-03 12:58:34,544 [7] INFO  PlayingWithCRUD.Controllers.PersonController [(null)] - Get Persons
2015-04-03 13:03:47,687 [10] INFO  PlayingWithCRUD.Controllers.PersonController [(null)] - Get Persons
2015-04-03 14:18:06,060 [9] INFO  PlayingWithCRUD.Controllers.PersonController [(null)] - Add
2015-04-03 14:18:07,434 [9] INFO  PlayingWithCRUD.Controllers.PersonController [(null)] - Get Persons
2015-04-03 14:19:09,032 [7] INFO  PlayingWithCRUD.Controllers.PersonController [(null)] - Get Persons
2015-04-03 14:19:45,707 [7] INFO  PlayingWithCRUD.Controllers.PersonController [(null)] - Get Persons
2015-04-03 14:22:15,788 [10] INFO  PlayingWithCRUD.Controllers.PersonController [(null)] - Get Persons
2015-04-03 14:22:20,658 [8] INFO  PlayingWithCRUD.Controllers.PersonController [(null)] - Add
2015-04-03 14:22:21,453 [10] INFO  PlayingWithCRUD.Controllers.PersonController [(null)] - Delete
2015-04-03 14:23:38,463 [7] INFO  PlayingWithCRUD.Controllers.PersonController [(null)] - Get Persons
